<?xml version="1.0" encoding="UTF-8"?>
<!-- Generated by org.testng.reporters.JUnitReportReporter -->
<testsuite skipped="0" hostname="DESKTOP-MCJCCTC" name="com.leafBot.testcases.TC003_CreateLead" tests="2" failures="0" timestamp="01 Feb 2020 05:27:49 GMT" time="59.212" errors="0">
  <testcase name="createLead" time="29.980" classname="com.leafBot.testcases.TC003_CreateLead"/>
  <testcase name="createLead" time="29.232" classname="com.leafBot.testcases.TC003_CreateLead"/>
</testsuite> <!-- com.leafBot.testcases.TC003_CreateLead -->
