<?xml version="1.0" encoding="UTF-8"?>
<!-- Generated by org.testng.reporters.JUnitReportReporter -->
<testsuite skipped="0" hostname="DESKTOP-MCJCCTC" name="com.leafBot.testcases.TC008_LoginLogOutPractice" tests="1" failures="0" timestamp="08 Feb 2020 09:45:00 GMT" time="16.193" errors="0">
  <testcase name="createLeaf" time="16.193" classname="com.leafBot.testcases.TC008_LoginLogOutPractice"/>
</testsuite> <!-- com.leafBot.testcases.TC008_LoginLogOutPractice -->
